<?xml version="1.0" encoding="UTF-8"?>
<coverage generated="1505932804">
  <project timestamp="1505932804">
    <package name="RW\Models">
      <file name="/Users/swang/code/translation/src/Models/Model.php">
        <class name="Model" namespace="RW\Models">
          <metrics complexity="18" methods="0" coveredmethods="0" conditionals="0" coveredconditionals="0" statements="0" coveredstatements="0" elements="0" coveredelements="0"/>
        </class>
        <metrics loc="189" ncloc="134" classes="0" methods="0" coveredmethods="0" conditionals="0" coveredconditionals="0" statements="0" coveredstatements="0" elements="0" coveredelements="0"/>
      </file>
      <file name="/Users/swang/code/translation/src/Models/Translation.php">
        <class name="Translation" namespace="RW\Models">
          <metrics complexity="24" methods="1" coveredmethods="1" conditionals="0" coveredconditionals="0" statements="5" coveredstatements="5" elements="6" coveredelements="6"/>
        </class>
        <line num="99" type="method" name="idFactory" visibility="public" complexity="2" crap="2" count="4"/>
        <line num="101" type="stmt" count="4"/>
        <line num="102" type="stmt" count="4"/>
        <line num="103" type="stmt" count="4"/>
        <line num="105" type="stmt" count="4"/>
        <line num="107" type="stmt" count="4"/>
        <metrics loc="237" ncloc="159" classes="1" methods="1" coveredmethods="1" conditionals="0" coveredconditionals="0" statements="5" coveredstatements="5" elements="6" coveredelements="6"/>
      </file>
      <file name="/Users/swang/code/translation/src/Models/TranslationProject.php">
        <class name="TranslationProject" namespace="RW\Models">
          <metrics complexity="35" methods="0" coveredmethods="0" conditionals="0" coveredconditionals="0" statements="0" coveredstatements="0" elements="0" coveredelements="0"/>
        </class>
        <metrics loc="332" ncloc="219" classes="0" methods="0" coveredmethods="0" conditionals="0" coveredconditionals="0" statements="0" coveredstatements="0" elements="0" coveredelements="0"/>
      </file>
      <file name="/Users/swang/code/translation/src/Models/TranslationQueue.php">
        <class name="TranslationQueue" namespace="RW\Models">
          <metrics complexity="37" methods="0" coveredmethods="0" conditionals="0" coveredconditionals="0" statements="0" coveredstatements="0" elements="0" coveredelements="0"/>
        </class>
        <metrics loc="391" ncloc="251" classes="0" methods="0" coveredmethods="0" conditionals="0" coveredconditionals="0" statements="0" coveredstatements="0" elements="0" coveredelements="0"/>
      </file>
    </package>
    <package name="RW\Services">
      <file name="/Users/swang/code/translation/src/Services/GoogleCloudTranslation.php">
        <class name="GoogleCloudTranslation" namespace="RW\Services">
          <metrics complexity="6" methods="3" coveredmethods="1" conditionals="0" coveredconditionals="0" statements="26" coveredstatements="23" elements="29" coveredelements="24"/>
        </class>
        <line num="61" type="method" name="init" visibility="public" complexity="1" crap="1" count="3"/>
        <line num="63" type="stmt" count="3"/>
        <line num="64" type="stmt" count="3"/>
        <line num="65" type="stmt" count="3"/>
        <line num="67" type="stmt" count="3"/>
        <line num="78" type="method" name="translate" visibility="public" complexity="2" crap="2.06" count="1"/>
        <line num="81" type="stmt" count="1"/>
        <line num="82" type="stmt" count="1"/>
        <line num="83" type="stmt" count="1"/>
        <line num="84" type="stmt" count="1"/>
        <line num="85" type="stmt" count="1"/>
        <line num="87" type="stmt" count="1"/>
        <line num="88" type="stmt" count="0"/>
        <line num="89" type="stmt" count="0"/>
        <line num="102" type="method" name="batchTranslate" visibility="public" complexity="3" crap="3.00" count="2"/>
        <line num="104" type="stmt" count="2"/>
        <line num="105" type="stmt" count="2"/>
        <line num="107" type="stmt" count="2"/>
        <line num="108" type="stmt" count="2"/>
        <line num="111" type="stmt" count="2"/>
        <line num="112" type="stmt" count="2"/>
        <line num="113" type="stmt" count="2"/>
        <line num="114" type="stmt" count="2"/>
        <line num="115" type="stmt" count="2"/>
        <line num="117" type="stmt" count="2"/>
        <line num="119" type="stmt" count="2"/>
        <line num="120" type="stmt" count="0"/>
        <line num="121" type="stmt" count="2"/>
        <line num="125" type="stmt" count="2"/>
        <metrics loc="126" ncloc="93" classes="1" methods="3" coveredmethods="1" conditionals="0" coveredconditionals="0" statements="26" coveredstatements="23" elements="29" coveredelements="24"/>
      </file>
      <file name="/Users/swang/code/translation/src/Services/Languages.php">
        <class name="Languages" namespace="RW\Services">
          <metrics complexity="15" methods="5" coveredmethods="0" conditionals="0" coveredconditionals="0" statements="31" coveredstatements="4" elements="36" coveredelements="4"/>
        </class>
        <line num="242" type="method" name="transformLanguageCode" visibility="public" complexity="3" crap="5.67" count="3"/>
        <line num="245" type="stmt" count="3"/>
        <line num="246" type="stmt" count="3"/>
        <line num="250" type="stmt" count="0"/>
        <line num="251" type="stmt" count="0"/>
        <line num="252" type="stmt" count="0"/>
        <line num="255" type="stmt" count="0"/>
        <line num="265" type="method" name="transformLanguageCodeToGTC" visibility="public" complexity="2" crap="2.15" count="3"/>
        <line num="267" type="stmt" count="3"/>
        <line num="268" type="stmt" count="0"/>
        <line num="271" type="stmt" count="3"/>
        <line num="281" type="method" name="transformLanguageCodeToOTH" visibility="public" complexity="2" crap="6" count="0"/>
        <line num="283" type="stmt" count="0"/>
        <line num="284" type="stmt" count="0"/>
        <line num="287" type="stmt" count="0"/>
        <line num="295" type="method" name="getBrowserLanguage" visibility="public" complexity="3" crap="12" count="0"/>
        <line num="297" type="stmt" count="0"/>
        <line num="298" type="stmt" count="0"/>
        <line num="299" type="stmt" count="0"/>
        <line num="300" type="stmt" count="0"/>
        <line num="301" type="stmt" count="0"/>
        <line num="303" type="stmt" count="0"/>
        <line num="304" type="stmt" count="0"/>
        <line num="307" type="stmt" count="0"/>
        <line num="313" type="method" name="getLanguagesMarkdown" visibility="public" complexity="5" crap="30" count="0"/>
        <line num="316" type="stmt" count="0"/>
        <line num="319" type="stmt" count="0"/>
        <line num="320" type="stmt" count="0"/>
        <line num="321" type="stmt" count="0"/>
        <line num="322" type="stmt" count="0"/>
        <line num="323" type="stmt" count="0"/>
        <line num="324" type="stmt" count="0"/>
        <line num="325" type="stmt" count="0"/>
        <line num="326" type="stmt" count="0"/>
        <line num="327" type="stmt" count="0"/>
        <line num="329" type="stmt" count="0"/>
        <metrics loc="330" ncloc="289" classes="1" methods="5" coveredmethods="0" conditionals="0" coveredconditionals="0" statements="31" coveredstatements="4" elements="36" coveredelements="4"/>
      </file>
      <file name="/Users/swang/code/translation/src/Services/OneHourTranslation.php">
        <class name="OneHourTranslation" namespace="RW\Services">
          <metrics complexity="20" methods="7" coveredmethods="0" conditionals="0" coveredconditionals="0" statements="43" coveredstatements="0" elements="50" coveredelements="0"/>
        </class>
        <line num="126" type="method" name="__construct" complexity="1" crap="2" count="0"/>
        <line num="128" type="stmt" count="0"/>
        <line num="129" type="stmt" count="0"/>
        <line num="138" type="method" name="uploadResourceText" complexity="3" crap="12" count="0"/>
        <line num="140" type="stmt" count="0"/>
        <line num="141" type="stmt" count="0"/>
        <line num="142" type="stmt" count="0"/>
        <line num="144" type="stmt" count="0"/>
        <line num="154" type="method" name="uploadResourceFile" complexity="3" crap="12" count="0"/>
        <line num="156" type="stmt" count="0"/>
        <line num="157" type="stmt" count="0"/>
        <line num="158" type="stmt" count="0"/>
        <line num="160" type="stmt" count="0"/>
        <line num="161" type="stmt" count="0"/>
        <line num="163" type="stmt" count="0"/>
        <line num="171" type="method" name="tagProject" complexity="3" crap="12" count="0"/>
        <line num="173" type="stmt" count="0"/>
        <line num="176" type="stmt" count="0"/>
        <line num="177" type="stmt" count="0"/>
        <line num="178" type="stmt" count="0"/>
        <line num="181" type="stmt" count="0"/>
        <line num="182" type="stmt" count="0"/>
        <line num="183" type="stmt" count="0"/>
        <line num="184" type="stmt" count="0"/>
        <line num="185" type="stmt" count="0"/>
        <line num="186" type="stmt" count="0"/>
        <line num="189" type="stmt" count="0"/>
        <line num="191" type="stmt" count="0"/>
        <line num="192" type="stmt" count="0"/>
        <line num="193" type="stmt" count="0"/>
        <line num="195" type="stmt" count="0"/>
        <line num="205" type="method" name="getResourceText" complexity="3" crap="12" count="0"/>
        <line num="207" type="stmt" count="0"/>
        <line num="208" type="stmt" count="0"/>
        <line num="209" type="stmt" count="0"/>
        <line num="211" type="stmt" count="0"/>
        <line num="220" type="method" name="createProject" complexity="6" crap="42" count="0"/>
        <line num="222" type="stmt" count="0"/>
        <line num="223" type="stmt" count="0"/>
        <line num="226" type="stmt" count="0"/>
        <line num="227" type="stmt" count="0"/>
        <line num="228" type="stmt" count="0"/>
        <line num="231" type="stmt" count="0"/>
        <line num="232" type="stmt" count="0"/>
        <line num="235" type="stmt" count="0"/>
        <line num="236" type="stmt" count="0"/>
        <line num="237" type="stmt" count="0"/>
        <line num="239" type="stmt" count="0"/>
        <line num="249" type="method" name="getProjectStatus" complexity="1" crap="2" count="0"/>
        <line num="251" type="stmt" count="0"/>
        <metrics loc="253" ncloc="199" classes="1" methods="7" coveredmethods="0" conditionals="0" coveredconditionals="0" statements="43" coveredstatements="0" elements="50" coveredelements="0"/>
      </file>
      <file name="/Users/swang/code/translation/src/Services/UserLanguage.php">
        <class name="UserLanguage" namespace="RW\Services">
          <metrics complexity="7" methods="3" coveredmethods="0" conditionals="0" coveredconditionals="0" statements="16" coveredstatements="0" elements="19" coveredelements="0"/>
        </class>
        <line num="16" type="method" name="init" visibility="public" complexity="1" crap="2" count="0"/>
        <line num="18" type="stmt" count="0"/>
        <line num="19" type="stmt" count="0"/>
        <line num="28" type="method" name="setLang" visibility="public" complexity="2" crap="6" count="0"/>
        <line num="30" type="stmt" count="0"/>
        <line num="31" type="stmt" count="0"/>
        <line num="33" type="stmt" count="0"/>
        <line num="34" type="stmt" count="0"/>
        <line num="35" type="stmt" count="0"/>
        <line num="40" type="method" name="getLang" visibility="public" complexity="4" crap="20" count="0"/>
        <line num="42" type="stmt" count="0"/>
        <line num="43" type="stmt" count="0"/>
        <line num="46" type="stmt" count="0"/>
        <line num="47" type="stmt" count="0"/>
        <line num="51" type="stmt" count="0"/>
        <line num="52" type="stmt" count="0"/>
        <line num="53" type="stmt" count="0"/>
        <line num="56" type="stmt" count="0"/>
        <line num="57" type="stmt" count="0"/>
        <metrics loc="58" ncloc="39" classes="1" methods="3" coveredmethods="0" conditionals="0" coveredconditionals="0" statements="16" coveredstatements="0" elements="19" coveredelements="0"/>
      </file>
    </package>
    <package name="RW">
      <file name="/Users/swang/code/translation/src/Translation.php">
        <class name="Translation" namespace="RW">
          <metrics complexity="72" methods="11" coveredmethods="3" conditionals="0" coveredconditionals="0" statements="171" coveredstatements="92" elements="182" coveredelements="95"/>
        </class>
        <line num="47" type="method" name="__construct" complexity="24" crap="25.42" count="3"/>
        <line num="54" type="stmt" count="3"/>
        <line num="55" type="stmt" count="3"/>
        <line num="59" type="stmt" count="3"/>
        <line num="62" type="stmt" count="3"/>
        <line num="63" type="stmt" count="3"/>
        <line num="64" type="stmt" count="3"/>
        <line num="65" type="stmt" count="3"/>
        <line num="68" type="stmt" count="3"/>
        <line num="73" type="stmt" count="3"/>
        <line num="74" type="stmt" count="3"/>
        <line num="75" type="stmt" count="3"/>
        <line num="77" type="stmt" count="3"/>
        <line num="82" type="stmt" count="3"/>
        <line num="83" type="stmt" count="3"/>
        <line num="85" type="stmt" count="0"/>
        <line num="86" type="stmt" count="0"/>
        <line num="90" type="stmt" count="3"/>
        <line num="95" type="stmt" count="3"/>
        <line num="96" type="stmt" count="3"/>
        <line num="97" type="stmt" count="3"/>
        <line num="98" type="stmt" count="3"/>
        <line num="99" type="stmt" count="3"/>
        <line num="100" type="stmt" count="3"/>
        <line num="101" type="stmt" count="3"/>
        <line num="102" type="stmt" count="3"/>
        <line num="103" type="stmt" count="3"/>
        <line num="104" type="stmt" count="0"/>
        <line num="108" type="stmt" count="3"/>
        <line num="109" type="stmt" count="3"/>
        <line num="111" type="stmt" count="3"/>
        <line num="112" type="stmt" count="3"/>
        <line num="113" type="stmt" count="3"/>
        <line num="118" type="stmt" count="3"/>
        <line num="120" type="stmt" count="0"/>
        <line num="123" type="stmt" count="3"/>
        <line num="124" type="stmt" count="0"/>
        <line num="126" type="stmt" count="3"/>
        <line num="134" type="method" name="getInstance" visibility="public" complexity="2" crap="6" count="0"/>
        <line num="136" type="stmt" count="0"/>
        <line num="137" type="stmt" count="0"/>
        <line num="140" type="stmt" count="0"/>
        <line num="155" type="method" name="init" visibility="public" complexity="1" crap="2" count="0"/>
        <line num="163" type="stmt" count="0"/>
        <line num="164" type="stmt" count="0"/>
        <line num="175" type="method" name="batchTranslate" visibility="public" complexity="20" crap="95.46" count="2"/>
        <line num="177" type="stmt" count="2"/>
        <line num="178" type="stmt" count="0"/>
        <line num="181" type="stmt" count="2"/>
        <line num="182" type="stmt" count="0"/>
        <line num="188" type="stmt" count="2"/>
        <line num="189" type="stmt" count="2"/>
        <line num="190" type="stmt" count="0"/>
        <line num="193" type="stmt" count="2"/>
        <line num="194" type="stmt" count="2"/>
        <line num="195" type="stmt" count="2"/>
        <line num="196" type="stmt" count="2"/>
        <line num="197" type="stmt" count="2"/>
        <line num="198" type="stmt" count="2"/>
        <line num="199" type="stmt" count="0"/>
        <line num="201" type="stmt" count="2"/>
        <line num="202" type="stmt" count="2"/>
        <line num="203" type="stmt" count="2"/>
        <line num="204" type="stmt" count="2"/>
        <line num="206" type="stmt" count="2"/>
        <line num="212" type="stmt" count="2"/>
        <line num="213" type="stmt" count="2"/>
        <line num="214" type="stmt" count="2"/>
        <line num="215" type="stmt" count="2"/>
        <line num="217" type="stmt" count="2"/>
        <line num="218" type="stmt" count="2"/>
        <line num="220" type="stmt" count="2"/>
        <line num="221" type="stmt" count="0"/>
        <line num="228" type="stmt" count="2"/>
        <line num="229" type="stmt" count="2"/>
        <line num="230" type="stmt" count="0"/>
        <line num="232" type="stmt" count="2"/>
        <line num="233" type="stmt" count="2"/>
        <line num="234" type="stmt" count="2"/>
        <line num="236" type="stmt" count="2"/>
        <line num="237" type="stmt" count="2"/>
        <line num="240" type="stmt" count="0"/>
        <line num="241" type="stmt" count="0"/>
        <line num="242" type="stmt" count="0"/>
        <line num="243" type="stmt" count="0"/>
        <line num="244" type="stmt" count="0"/>
        <line num="245" type="stmt" count="0"/>
        <line num="246" type="stmt" count="0"/>
        <line num="248" type="stmt" count="0"/>
        <line num="253" type="stmt" count="0"/>
        <line num="254" type="stmt" count="0"/>
        <line num="255" type="stmt" count="0"/>
        <line num="256" type="stmt" count="0"/>
        <line num="260" type="stmt" count="0"/>
        <line num="261" type="stmt" count="0"/>
        <line num="262" type="stmt" count="0"/>
        <line num="263" type="stmt" count="0"/>
        <line num="264" type="stmt" count="0"/>
        <line num="265" type="stmt" count="0"/>
        <line num="267" type="stmt" count="0"/>
        <line num="268" type="stmt" count="0"/>
        <line num="269" type="stmt" count="0"/>
        <line num="271" type="stmt" count="0"/>
        <line num="272" type="stmt" count="0"/>
        <line num="274" type="stmt" count="0"/>
        <line num="275" type="stmt" count="0"/>
        <line num="278" type="stmt" count="0"/>
        <line num="279" type="stmt" count="0"/>
        <line num="280" type="stmt" count="0"/>
        <line num="281" type="stmt" count="0"/>
        <line num="283" type="stmt" count="0"/>
        <line num="288" type="stmt" count="0"/>
        <line num="290" type="stmt" count="0"/>
        <line num="293" type="stmt" count="0"/>
        <line num="304" type="method" name="translate" visibility="public" complexity="11" crap="44.23" count="1"/>
        <line num="306" type="stmt" count="1"/>
        <line num="307" type="stmt" count="0"/>
        <line num="313" type="stmt" count="1"/>
        <line num="314" type="stmt" count="1"/>
        <line num="315" type="stmt" count="0"/>
        <line num="321" type="stmt" count="1"/>
        <line num="322" type="stmt" count="1"/>
        <line num="323" type="stmt" count="0"/>
        <line num="329" type="stmt" count="1"/>
        <line num="330" type="stmt" count="1"/>
        <line num="331" type="stmt" count="0"/>
        <line num="337" type="stmt" count="1"/>
        <line num="338" type="stmt" count="1"/>
        <line num="339" type="stmt" count="0"/>
        <line num="341" type="stmt" count="1"/>
        <line num="342" type="stmt" count="1"/>
        <line num="343" type="stmt" count="1"/>
        <line num="344" type="stmt" count="1"/>
        <line num="346" type="stmt" count="1"/>
        <line num="352" type="stmt" count="0"/>
        <line num="353" type="stmt" count="0"/>
        <line num="355" type="stmt" count="0"/>
        <line num="360" type="stmt" count="0"/>
        <line num="364" type="stmt" count="0"/>
        <line num="366" type="stmt" count="0"/>
        <line num="367" type="stmt" count="0"/>
        <line num="368" type="stmt" count="0"/>
        <line num="370" type="stmt" count="0"/>
        <line num="371" type="stmt" count="0"/>
        <line num="373" type="stmt" count="0"/>
        <line num="374" type="stmt" count="0"/>
        <line num="375" type="stmt" count="0"/>
        <line num="376" type="stmt" count="0"/>
        <line num="379" type="stmt" count="0"/>
        <line num="381" type="stmt" count="0"/>
        <line num="384" type="stmt" count="0"/>
        <line num="385" type="stmt" count="0"/>
        <line num="388" type="stmt" count="0"/>
        <line num="389" type="stmt" count="0"/>
        <line num="391" type="stmt" count="0"/>
        <line num="402" type="method" name="hasCache" visibility="private" complexity="2" crap="2" count="1"/>
        <line num="404" type="stmt" count="1"/>
        <line num="413" type="method" name="setCache" visibility="private" complexity="3" crap="3.07" count="1"/>
        <line num="415" type="stmt" count="1"/>
        <line num="416" type="stmt" count="1"/>
        <line num="417" type="stmt" count="1"/>
        <line num="418" type="stmt" count="0"/>
        <line num="421" type="stmt" count="1"/>
        <line num="429" type="method" name="setCacheBatch" visibility="private" complexity="5" crap="5.27" count="2"/>
        <line num="431" type="stmt" count="2"/>
        <line num="432" type="stmt" count="2"/>
        <line num="433" type="stmt" count="2"/>
        <line num="434" type="stmt" count="2"/>
        <line num="436" type="stmt" count="2"/>
        <line num="438" type="stmt" count="2"/>
        <line num="439" type="stmt" count="0"/>
        <line num="440" type="stmt" count="0"/>
        <line num="444" type="stmt" count="2"/>
        <line num="453" type="method" name="getCacheKey" visibility="private" complexity="1" crap="1" count="3"/>
        <line num="455" type="stmt" count="3"/>
        <line num="465" type="method" name="getCache" visibility="private" complexity="1" crap="2" count="0"/>
        <line num="467" type="stmt" count="0"/>
        <line num="476" type="method" name="getCacheMulti" visibility="private" complexity="2" crap="2" count="2"/>
        <line num="478" type="stmt" count="2"/>
        <line num="479" type="stmt" count="2"/>
        <line num="480" type="stmt" count="2"/>
        <line num="482" type="stmt" count="2"/>
        <metrics loc="483" ncloc="348" classes="1" methods="11" coveredmethods="3" conditionals="0" coveredconditionals="0" statements="171" coveredstatements="92" elements="182" coveredelements="95"/>
      </file>
      <file name="/Users/swang/code/translation/src/Utils.php">
        <class name="Utils" namespace="RW">
          <metrics complexity="2" methods="1" coveredmethods="1" conditionals="0" coveredconditionals="0" statements="8" coveredstatements="8" elements="9" coveredelements="9"/>
        </class>
        <line num="18" type="method" name="slugify" visibility="public" complexity="2" crap="2" count="4"/>
        <line num="21" type="stmt" count="4"/>
        <line num="24" type="stmt" count="4"/>
        <line num="27" type="stmt" count="4"/>
        <line num="30" type="stmt" count="4"/>
        <line num="33" type="stmt" count="4"/>
        <line num="35" type="stmt" count="4"/>
        <line num="36" type="stmt" count="3"/>
        <line num="39" type="stmt" count="1"/>
        <metrics loc="40" ncloc="18" classes="1" methods="1" coveredmethods="1" conditionals="0" coveredconditionals="0" statements="8" coveredstatements="8" elements="9" coveredelements="9"/>
      </file>
    </package>
    <metrics files="10" loc="2439" ncloc="1749" classes="7" methods="31" coveredmethods="6" conditionals="0" coveredconditionals="0" statements="300" coveredstatements="132" elements="331" coveredelements="138"/>
  </project>
</coverage>
