<?xml version="1.0" encoding="UTF-8"?>
<coverage generated="1539276811">
  <project timestamp="1539276811">
    <package name="RW\Services">
      <file name="/Users/swang/code/translation/src/Services/GoogleCloudTranslation.php">
        <class name="RW\Services\GoogleCloudTranslation" namespace="RW\Services">
          <metrics complexity="10" methods="5" coveredmethods="3" conditionals="0" coveredconditionals="0" statements="23" coveredstatements="19" elements="28" coveredelements="22"/>
        </class>
        <line num="62" type="method" name="init" visibility="public" complexity="1" crap="1" count="6"/>
        <line num="64" type="stmt" count="6"/>
        <line num="65" type="stmt" count="6"/>
        <line num="66" type="stmt" count="6"/>
        <line num="68" type="stmt" count="6"/>
        <line num="79" type="method" name="translate" visibility="public" complexity="3" crap="3.14" count="1"/>
        <line num="81" type="stmt" count="1"/>
        <line num="82" type="stmt" count="0"/>
        <line num="86" type="stmt" count="1"/>
        <line num="87" type="stmt" count="1"/>
        <line num="88" type="stmt" count="1"/>
        <line num="89" type="stmt" count="1"/>
        <line num="90" type="stmt" count="1"/>
        <line num="91" type="stmt" count="1"/>
        <line num="94" type="stmt" count="1"/>
        <line num="95" type="stmt" count="1"/>
        <line num="96" type="stmt" count="0"/>
        <line num="97" type="stmt" count="0"/>
        <line num="110" type="method" name="batchTranslate" visibility="public" complexity="4" crap="6.00" count="2"/>
        <line num="112" type="stmt" count="2"/>
        <line num="113" type="stmt" count="0"/>
        <line num="116" type="method" name="anonymousFunction:116#432" complexity="1" crap="1" count="2"/>
        <line num="117" type="stmt" count="2"/>
        <line num="118" type="stmt" count="2"/>
        <line num="120" type="stmt" count="2"/>
        <line num="121" type="stmt" count="2"/>
        <line num="123" type="stmt" count="2"/>
        <line num="124" type="stmt" count="2"/>
        <line num="127" type="stmt" count="2"/>
        <line num="128" type="stmt" count="2"/>
        <line num="129" type="stmt" count="2"/>
        <line num="130" type="stmt" count="2"/>
        <line num="131" type="stmt" count="2"/>
        <line num="133" type="stmt" count="2"/>
        <line num="135" type="stmt" count="2"/>
        <line num="136" type="stmt" count="0"/>
        <line num="137" type="stmt" count="2"/>
        <line num="141" type="method" name="anonymousFunction:141#625" complexity="1" crap="1" count="2"/>
        <line num="142" type="stmt" count="2"/>
        <line num="143" type="stmt" count="2"/>
        <line num="144" type="stmt" count="2"/>
        <line num="146" type="stmt" count="2"/>
        <metrics loc="147" ncloc="114" classes="1" methods="5" coveredmethods="3" conditionals="0" coveredconditionals="0" statements="37" coveredstatements="32" elements="42" coveredelements="35"/>
      </file>
      <file name="/Users/swang/code/translation/src/Services/Languages.php">
        <class name="RW\Services\Languages" namespace="RW\Services" fullPackage="RW" package="RW">
          <metrics complexity="15" methods="0" coveredmethods="0" conditionals="0" coveredconditionals="0" statements="0" coveredstatements="0" elements="0" coveredelements="0"/>
        </class>
        <metrics loc="334" ncloc="288" classes="0" methods="0" coveredmethods="0" conditionals="0" coveredconditionals="0" statements="0" coveredstatements="0" elements="0" coveredelements="0"/>
      </file>
      <file name="/Users/swang/code/translation/src/Services/OneHourTranslation.php">
        <class name="RW\Services\OneHourTranslation" namespace="RW\Services">
          <metrics complexity="20" methods="0" coveredmethods="0" conditionals="0" coveredconditionals="0" statements="0" coveredstatements="0" elements="0" coveredelements="0"/>
        </class>
        <metrics loc="254" ncloc="199" classes="0" methods="0" coveredmethods="0" conditionals="0" coveredconditionals="0" statements="0" coveredstatements="0" elements="0" coveredelements="0"/>
      </file>
      <file name="/Users/swang/code/translation/src/Services/UserLanguage.php">
        <class name="RW\Services\UserLanguage" namespace="RW\Services" fullPackage="RW" package="RW">
          <metrics complexity="7" methods="0" coveredmethods="0" conditionals="0" coveredconditionals="0" statements="0" coveredstatements="0" elements="0" coveredelements="0"/>
        </class>
        <metrics loc="63" ncloc="39" classes="0" methods="0" coveredmethods="0" conditionals="0" coveredconditionals="0" statements="0" coveredstatements="0" elements="0" coveredelements="0"/>
      </file>
    </package>
    <package name="RW">
      <file name="/Users/swang/code/translation/src/Translation.php">
        <class name="RW\Translation" namespace="RW">
          <metrics complexity="34" methods="6" coveredmethods="1" conditionals="0" coveredconditionals="0" statements="81" coveredstatements="67" elements="87" coveredelements="68"/>
        </class>
        <line num="31" type="method" name="idFactory" visibility="public" complexity="2" crap="2.02" count="4"/>
        <line num="33" type="stmt" count="4"/>
        <line num="34" type="stmt" count="4"/>
        <line num="35" type="stmt" count="4"/>
        <line num="36" type="stmt" count="0"/>
        <line num="37" type="stmt" count="4"/>
        <line num="39" type="stmt" count="4"/>
        <line num="50" type="method" name="__construct" complexity="11" crap="11" count="6"/>
        <line num="52" type="stmt" count="6"/>
        <line num="53" type="stmt" count="6"/>
        <line num="57" type="stmt" count="6"/>
        <line num="60" type="stmt" count="6"/>
        <line num="61" type="stmt" count="6"/>
        <line num="62" type="stmt" count="6"/>
        <line num="63" type="stmt" count="6"/>
        <line num="66" type="stmt" count="6"/>
        <line num="71" type="stmt" count="6"/>
        <line num="72" type="stmt" count="6"/>
        <line num="73" type="stmt" count="6"/>
        <line num="76" type="stmt" count="6"/>
        <line num="78" type="stmt" count="6"/>
        <line num="79" type="stmt" count="6"/>
        <line num="80" type="stmt" count="6"/>
        <line num="84" type="stmt" count="6"/>
        <line num="92" type="method" name="getInstance" visibility="public" complexity="2" crap="6" count="0"/>
        <line num="94" type="stmt" count="0"/>
        <line num="95" type="stmt" count="0"/>
        <line num="98" type="stmt" count="0"/>
        <line num="110" type="method" name="init" visibility="public" complexity="1" crap="2" count="0"/>
        <line num="112" type="stmt" count="0"/>
        <line num="113" type="stmt" count="0"/>
        <line num="124" type="method" name="batchTranslate" visibility="public" complexity="11" crap="11.73" count="2"/>
        <line num="126" type="stmt" count="2"/>
        <line num="127" type="stmt" count="0"/>
        <line num="130" type="stmt" count="2"/>
        <line num="131" type="stmt" count="0"/>
        <line num="134" type="stmt" count="2"/>
        <line num="135" type="stmt" count="0"/>
        <line num="141" type="stmt" count="2"/>
        <line num="142" type="stmt" count="2"/>
        <line num="143" type="stmt" count="0"/>
        <line num="146" type="stmt" count="2"/>
        <line num="147" type="stmt" count="2"/>
        <line num="148" type="stmt" count="2"/>
        <line num="149" type="stmt" count="2"/>
        <line num="150" type="stmt" count="2"/>
        <line num="151" type="stmt" count="2"/>
        <line num="152" type="stmt" count="0"/>
        <line num="154" type="stmt" count="2"/>
        <line num="155" type="stmt" count="2"/>
        <line num="157" type="stmt" count="2"/>
        <line num="158" type="stmt" count="2"/>
        <line num="160" type="stmt" count="2"/>
        <line num="161" type="stmt" count="2"/>
        <line num="163" type="stmt" count="0"/>
        <line num="164" type="stmt" count="2"/>
        <line num="168" type="stmt" count="2"/>
        <line num="169" type="stmt" count="2"/>
        <line num="170" type="stmt" count="2"/>
        <line num="171" type="stmt" count="2"/>
        <line num="172" type="stmt" count="2"/>
        <line num="173" type="stmt" count="2"/>
        <line num="174" type="stmt" count="2"/>
        <line num="175" type="stmt" count="2"/>
        <line num="182" type="stmt" count="2"/>
        <line num="193" type="method" name="translate" visibility="public" complexity="7" crap="7.04" count="4"/>
        <line num="195" type="stmt" count="4"/>
        <line num="196" type="stmt" count="1"/>
        <line num="199" type="stmt" count="4"/>
        <line num="200" type="stmt" count="1"/>
        <line num="206" type="stmt" count="3"/>
        <line num="207" type="stmt" count="3"/>
        <line num="208" type="stmt" count="1"/>
        <line num="214" type="stmt" count="2"/>
        <line num="215" type="stmt" count="2"/>
        <line num="216" type="stmt" count="1"/>
        <line num="222" type="stmt" count="1"/>
        <line num="223" type="stmt" count="1"/>
        <line num="224" type="stmt" count="1"/>
        <line num="225" type="stmt" count="0"/>
        <line num="228" type="stmt" count="1"/>
        <line num="229" type="stmt" count="1"/>
        <line num="230" type="stmt" count="1"/>
        <line num="232" type="stmt" count="1"/>
        <line num="233" type="stmt" count="1"/>
        <line num="234" type="stmt" count="1"/>
        <line num="237" type="stmt" count="0"/>
        <metrics loc="238" ncloc="163" classes="1" methods="6" coveredmethods="1" conditionals="0" coveredconditionals="0" statements="81" coveredstatements="67" elements="87" coveredelements="68"/>
      </file>
      <file name="/Users/swang/code/translation/src/Utils.php">
        <class name="RW\Utils" namespace="RW">
          <metrics complexity="2" methods="1" coveredmethods="1" conditionals="0" coveredconditionals="0" statements="8" coveredstatements="8" elements="9" coveredelements="9"/>
        </class>
        <line num="18" type="method" name="slugify" visibility="public" complexity="2" crap="2" count="4"/>
        <line num="21" type="stmt" count="4"/>
        <line num="24" type="stmt" count="4"/>
        <line num="27" type="stmt" count="4"/>
        <line num="30" type="stmt" count="4"/>
        <line num="33" type="stmt" count="4"/>
        <line num="35" type="stmt" count="4"/>
        <line num="36" type="stmt" count="3"/>
        <line num="39" type="stmt" count="1"/>
        <metrics loc="40" ncloc="18" classes="1" methods="1" coveredmethods="1" conditionals="0" coveredconditionals="0" statements="8" coveredstatements="8" elements="9" coveredelements="9"/>
      </file>
    </package>
    <metrics files="6" loc="1076" ncloc="821" classes="3" methods="12" coveredmethods="5" conditionals="0" coveredconditionals="0" statements="126" coveredstatements="107" elements="138" coveredelements="112"/>
  </project>
</coverage>
